2025-03-02 17:06:35,155 [INFO] Activator:176 - 


2025-03-02 17:06:35,157 [INFO] Activator:177 - !SESSION log4j initialized
2025-03-02 17:06:37,271 [ERROR] LogOutputStream:75 - [STDERR_REDIRECT] 
2025-03-02 17:06:39,192 [INFO] LogOutputStream:77 - [STDOUT_REDIRECT] 
2025-03-02 17:06:44,302 [INFO] ApplicationProperties:184 - Using Application install path: /Applications/STM32CubeIDE.app/Contents/Eclipse/plugins/com.st.stm32cube.common.mx_6.14.0.202502271554
2025-03-02 17:06:44,310 [INFO] DbMcusXml:78 - Set database path to: /Applications/STM32CubeIDE.app/Contents/Eclipse/plugins/com.st.stm32cube.common.mx_6.14.0.202502271554//db//mcu/
2025-03-02 17:06:44,310 [INFO] ApiDb:274 - Set plugin database path to: /Applications/STM32CubeIDE.app/Contents/Eclipse/plugins/com.st.stm32cube.common.mx_6.14.0.202502271554//db//plugins/boardmanager/
2025-03-02 17:06:44,310 [WARN] ApiDb:259 - Overriding images path with different value:  => /Applications/STM32CubeIDE.app/Contents/Eclipse/plugins/com.st.stm32cube.common.mx_6.14.0.202502271554//db//plugins/mcufinder/images/
2025-03-02 17:06:44,850 [WARN] ApiFinderProperties:113 - /Users/dodo/.stmcufinder/plugins/mcufinder/mcu/mcuFinder.mfd doesn't exist
2025-03-02 17:06:44,851 [INFO] ApiDb:250 - Set database path to: /Users/dodo/.stmcufinder/plugins/mcufinder//mcu/
2025-03-02 17:06:44,852 [INFO] DbMcusAds:125 - Set database path to: /Users/dodo/.stmcufinder/plugins/mcufinder//mcu/
2025-03-02 17:06:44,853 [INFO] CrossReferenceDbSqlite:203 - Set database path to: /Users/dodo/.stmcufinder/plugins/mcufinder//mcu/cs/
2025-03-02 17:06:44,944 [INFO] RulesReader:64 - Compatibility file has been processed (301 Rules)
2025-03-02 17:06:44,991 [INFO] DbMcusXml:78 - Set database path to: /Applications/STM32CubeIDE.app/Contents/Eclipse/plugins/com.st.stm32cube.common.mx_6.14.0.202502271554//db//mcu/
2025-03-02 17:06:44,992 [INFO] ApiDb:274 - Set plugin database path to: /Applications/STM32CubeIDE.app/Contents/Eclipse/plugins/com.st.stm32cube.common.mx_6.14.0.202502271554//db//plugins/boardmanager/
2025-03-02 17:06:44,992 [INFO] ApiDb:261 - Set plugin images path to: /Applications/STM32CubeIDE.app/Contents/Eclipse/plugins/com.st.stm32cube.common.mx_6.14.0.202502271554//db//plugins/mcufinder/images/
2025-03-02 17:06:44,993 [WARN] DbFile:41 - Overriding database path with different value: /Users/dodo/.stmcufinder/plugins/mcufinder/ => /Users/dodo/.stmcufinder/plugins/mcufinder
2025-03-02 17:06:44,993 [INFO] ApiDb:250 - Set database path to: /Users/dodo/.stmcufinder/plugins/mcufinder//mcu/
2025-03-02 17:06:44,993 [WARN] DbFile:41 - Overriding database path with different value: /Users/dodo/.stmcufinder/plugins/mcufinder/ => /Users/dodo/.stmcufinder/plugins/mcufinder
2025-03-02 17:06:44,993 [INFO] DbMcusAds:125 - Set database path to: /Users/dodo/.stmcufinder/plugins/mcufinder//mcu/
2025-03-02 17:06:44,993 [WARN] DbFile:41 - Overriding database path with different value: /Users/dodo/.stmcufinder/plugins/mcufinder/ => /Users/dodo/.stmcufinder/plugins/mcufinder
2025-03-02 17:06:44,993 [WARN] DbFile:41 - Overriding database path with different value: /Users/dodo/.stmcufinder/plugins/mcufinder/ => /Users/dodo/.stmcufinder/plugins/mcufinder
2025-03-02 17:06:44,993 [INFO] CrossReferenceDbSqlite:203 - Set database path to: /Users/dodo/.stmcufinder/plugins/mcufinder//mcu/cs/
2025-03-02 17:06:45,042 [INFO] MainPanel:272 - HeapMemory: 346030080
2025-03-02 17:06:45,357 [INFO] DbMcusXml:78 - Set database path to: /Applications/STM32CubeIDE.app/Contents/Eclipse/plugins/com.st.stm32cube.common.mx_6.14.0.202502271554//db//mcu/
2025-03-02 17:06:45,357 [INFO] ApiDb:274 - Set plugin database path to: /Applications/STM32CubeIDE.app/Contents/Eclipse/plugins/com.st.stm32cube.common.mx_6.14.0.202502271554//db//plugins/boardmanager/
2025-03-02 17:06:45,357 [INFO] ApiDb:261 - Set plugin images path to: /Applications/STM32CubeIDE.app/Contents/Eclipse/plugins/com.st.stm32cube.common.mx_6.14.0.202502271554//db//plugins/mcufinder/images/
2025-03-02 17:06:45,358 [WARN] DbFile:41 - Overriding database path with different value: /Users/dodo/.stmcufinder/plugins/mcufinder/ => /Users/dodo/.stmcufinder/plugins/mcufinder
2025-03-02 17:06:45,358 [INFO] ApiDb:250 - Set database path to: /Users/dodo/.stmcufinder/plugins/mcufinder//mcu/
2025-03-02 17:06:45,358 [WARN] DbFile:41 - Overriding database path with different value: /Users/dodo/.stmcufinder/plugins/mcufinder/ => /Users/dodo/.stmcufinder/plugins/mcufinder
2025-03-02 17:06:45,358 [INFO] DbMcusAds:125 - Set database path to: /Users/dodo/.stmcufinder/plugins/mcufinder//mcu/
2025-03-02 17:06:45,358 [WARN] DbFile:41 - Overriding database path with different value: /Users/dodo/.stmcufinder/plugins/mcufinder/ => /Users/dodo/.stmcufinder/plugins/mcufinder
2025-03-02 17:06:45,358 [WARN] DbFile:41 - Overriding database path with different value: /Users/dodo/.stmcufinder/plugins/mcufinder/ => /Users/dodo/.stmcufinder/plugins/mcufinder
2025-03-02 17:06:45,358 [INFO] CrossReferenceDbSqlite:203 - Set database path to: /Users/dodo/.stmcufinder/plugins/mcufinder//mcu/cs/
2025-03-02 17:06:45,371 [INFO] ApplicationProperties:184 - Using Application install path: /Applications/STM32CubeIDE.app/Contents/Eclipse/plugins/com.st.stm32cube.common.mx_6.14.0.202502271554
2025-03-02 17:06:45,372 [INFO] PluginManage:196 - Search for loadable plugins [exclusion list=, ]
2025-03-02 17:06:45,373 [INFO] PluginManage:310 - Check plugin analytics
2025-03-02 17:06:45,700 [INFO] AnalyticsPlugin:253 - Accepted Software Licenses: 
2025-03-02 17:06:45,707 [INFO] AnalyticsPlugin:255 - Accepted CMSIS Pack Licenses: 
2025-03-02 17:06:45,709 [INFO] AnalyticsPlugin:257 - Accepted Firmware Licenses: 
2025-03-02 17:06:45,786 [INFO] PluginManage:359 - Loaded plugin analytics (category:tool,tabindex:-1)
2025-03-02 17:06:45,790 [INFO] PluginManage:310 - Check plugin cadmodel
2025-03-02 17:06:45,828 [INFO] CADModel:105 - Init CAD model plugin
2025-03-02 17:06:45,828 [INFO] PluginManage:359 - Loaded plugin cadmodel (category:power,tabindex:5)
2025-03-02 17:06:45,830 [INFO] PluginManage:310 - Check plugin clock
2025-03-02 17:06:45,838 [INFO] PluginManage:359 - Loaded plugin clock (category:base,tabindex:2)
2025-03-02 17:06:45,839 [INFO] PluginManage:310 - Check plugin ddr
2025-03-02 17:06:45,840 [INFO] PluginManage:359 - Loaded plugin ddr (category:tool,tabindex:6)
2025-03-02 17:06:45,840 [INFO] PluginManage:310 - Check plugin filemanager
2025-03-02 17:06:45,970 [INFO] PluginManage:359 - Loaded plugin filemanager (category:base,tabindex:10)
2025-03-02 17:06:45,970 [INFO] PluginManage:310 - Check plugin ipmanager
2025-03-02 17:06:45,977 [INFO] PluginManage:359 - Loaded plugin ipmanager (category:base,tabindex:5)
2025-03-02 17:06:45,977 [INFO] PluginManage:310 - Check plugin lpbam
2025-03-02 17:06:45,983 [INFO] PluginManage:359 - Loaded plugin lpbam (category:base,tabindex:0)
2025-03-02 17:06:45,983 [INFO] PluginManage:310 - Check plugin memorymap
2025-03-02 17:06:45,988 [INFO] PluginManage:359 - Loaded plugin memorymap (category:base,tabindex:4)
2025-03-02 17:06:45,989 [INFO] PluginManage:310 - Check plugin pinoutandconfiguration
2025-03-02 17:06:45,993 [INFO] PluginManage:359 - Loaded plugin pinoutandconfiguration (category:base,tabindex:1)
2025-03-02 17:06:45,993 [INFO] PluginManage:310 - Check plugin pinoutconfig
2025-03-02 17:06:46,055 [WARN] SupportedApi:132 - Cannot load RTOS API schema: s4s-elt-must-match.1: The content of 'definitions' must match (annotation?, (simpleType | complexType)?, (unique | key | keyref)*)). A problem was found starting at: attribute.
2025-03-02 17:06:46,167 [INFO] PluginManage:359 - Loaded plugin pinoutconfig (category:base,tabindex:0)
2025-03-02 17:06:46,167 [INFO] PluginManage:310 - Check plugin power
2025-03-02 17:06:46,176 [INFO] PluginManage:359 - Loaded plugin power (category:power,tabindex:4)
2025-03-02 17:06:46,176 [INFO] PluginManage:310 - Check plugin projectmanager
2025-03-02 17:06:46,196 [INFO] PluginManage:359 - Loaded plugin projectmanager (category:projectmanager,tabindex:4)
2025-03-02 17:06:46,196 [INFO] PluginManage:310 - Check plugin rif
2025-03-02 17:06:46,200 [INFO] PluginManage:359 - Loaded plugin rif (category:base,tabindex:3)
2025-03-02 17:06:46,200 [INFO] PluginManage:310 - Check plugin thirdparty
2025-03-02 17:06:46,308 [INFO] PluginManage:359 - Loaded plugin thirdparty (category:base,tabindex:-1)
2025-03-02 17:06:46,308 [WARN] IntegrityCheckThread:84 - waiting for thirdparty lock release [integrity check]
2025-03-02 17:06:46,309 [INFO] IntegrityCheckThread:86 - entering critical section [integrity check]
2025-03-02 17:06:46,310 [INFO] PluginManage:310 - Check plugin tools
2025-03-02 17:06:46,310 [INFO] ThirdPartyUpdaterWithRetryManager:70 - Updater plugin not ready yet. [1/15]
2025-03-02 17:06:46,312 [INFO] PluginManage:359 - Loaded plugin tools (category:base,tabindex:7)
2025-03-02 17:06:46,313 [INFO] PluginManage:310 - Check plugin tutovideos
2025-03-02 17:06:46,427 [INFO] PluginManage:359 - Loaded plugin tutovideos (category:base,tabindex:-1)
2025-03-02 17:06:46,427 [INFO] PluginManage:310 - Check plugin updater
2025-03-02 17:06:46,445 [INFO] PluginManage:359 - Loaded plugin updater (category:base,tabindex:12)
2025-03-02 17:06:46,445 [INFO] PluginManage:310 - Check plugin userauth
2025-03-02 17:06:46,449 [INFO] UserAuth:118 - Init User Auth plugin
2025-03-02 17:06:46,450 [INFO] PluginManage:359 - Loaded plugin userauth (category:base,tabindex:14)
2025-03-02 17:06:46,451 [INFO] PluginManage:283 - PluginManage : Loaded plugins [18]
2025-03-02 17:06:46,625 [INFO] PinOutPanel:1589 - setPackage(No Configuration,No Configuration)
2025-03-02 17:06:46,680 [INFO] CADModel:165 - CPN selected for project level
2025-03-02 17:06:46,681 [INFO] CADModel:114 - Register for checkConnection events
2025-03-02 17:06:46,689 [INFO] IPUIPlugin:80 - create IPUIPlugin
2025-03-02 17:06:46,689 [INFO] PluginManager:220 - loadIPPluginJar : add mdma
2025-03-02 17:06:46,692 [INFO] IPUIPlugin:80 - create IPUIPlugin
2025-03-02 17:06:46,692 [INFO] PluginManager:220 - loadIPPluginJar : add freertos
2025-03-02 17:06:46,694 [INFO] IPUIPlugin:80 - create IPUIPlugin
2025-03-02 17:06:46,694 [INFO] PluginManager:220 - loadIPPluginJar : add gic
2025-03-02 17:06:46,698 [INFO] IPUIPlugin:80 - create IPUIPlugin
2025-03-02 17:06:46,698 [INFO] PluginManager:220 - loadIPPluginJar : add adc
2025-03-02 17:06:46,699 [INFO] IPUIPlugin:80 - create IPUIPlugin
2025-03-02 17:06:46,699 [INFO] PluginManager:220 - loadIPPluginJar : add gtzc
2025-03-02 17:06:46,700 [INFO] IPUIPlugin:80 - create IPUIPlugin
2025-03-02 17:06:46,700 [INFO] PluginManager:220 - loadIPPluginJar : add quadspi
2025-03-02 17:06:46,701 [INFO] IPUIPlugin:80 - create IPUIPlugin
2025-03-02 17:06:46,701 [INFO] PluginManager:220 - loadIPPluginJar : add aes
2025-03-02 17:06:46,702 [INFO] IPUIPlugin:80 - create IPUIPlugin
2025-03-02 17:06:46,702 [INFO] PluginManager:220 - loadIPPluginJar : add pdm2pcm
2025-03-02 17:06:46,703 [INFO] IPUIPlugin:80 - create IPUIPlugin
2025-03-02 17:06:46,703 [INFO] PluginManager:220 - loadIPPluginJar : add hash
2025-03-02 17:06:46,703 [INFO] IPUIPlugin:80 - create IPUIPlugin
2025-03-02 17:06:46,704 [INFO] PluginManager:220 - loadIPPluginJar : add tim
2025-03-02 17:06:46,704 [INFO] IPUIPlugin:80 - create IPUIPlugin
2025-03-02 17:06:46,704 [INFO] PluginManager:220 - loadIPPluginJar : add tsc
2025-03-02 17:06:46,705 [INFO] IPUIPlugin:80 - create IPUIPlugin
2025-03-02 17:06:46,705 [INFO] PluginManager:220 - loadIPPluginJar : add extmemmanager
2025-03-02 17:06:46,706 [INFO] IPUIPlugin:80 - create IPUIPlugin
2025-03-02 17:06:46,706 [INFO] PluginManager:220 - loadIPPluginJar : add ts
2025-03-02 17:06:46,707 [INFO] IPUIPlugin:80 - create IPUIPlugin
2025-03-02 17:06:46,707 [INFO] PluginManager:220 - loadIPPluginJar : add radio
2025-03-02 17:06:46,708 [INFO] IPUIPlugin:80 - create IPUIPlugin
2025-03-02 17:06:46,708 [INFO] PluginManager:220 - loadIPPluginJar : add can
2025-03-02 17:06:46,709 [INFO] IPUIPlugin:80 - create IPUIPlugin
2025-03-02 17:06:46,709 [INFO] PluginManager:220 - loadIPPluginJar : add dma3
2025-03-02 17:06:46,710 [INFO] IPUIPlugin:80 - create IPUIPlugin
2025-03-02 17:06:46,710 [INFO] PluginManager:220 - loadIPPluginJar : add dfsdm
2025-03-02 17:06:46,711 [INFO] IPUIPlugin:80 - create IPUIPlugin
2025-03-02 17:06:46,711 [INFO] PluginManager:220 - loadIPPluginJar : add spi
2025-03-02 17:06:46,711 [INFO] IPUIPlugin:80 - create IPUIPlugin
2025-03-02 17:06:46,712 [INFO] PluginManager:220 - loadIPPluginJar : add gfxmmu
2025-03-02 17:06:46,713 [INFO] IPUIPlugin:80 - create IPUIPlugin
2025-03-02 17:06:46,713 [INFO] PluginManager:220 - loadIPPluginJar : add genericplugin
2025-03-02 17:06:46,714 [INFO] IPUIPlugin:80 - create IPUIPlugin
2025-03-02 17:06:46,714 [INFO] PluginManager:220 - loadIPPluginJar : add cryp
2025-03-02 17:06:46,717 [INFO] IPUIPlugin:80 - create IPUIPlugin
2025-03-02 17:06:46,717 [INFO] PluginManager:220 - loadIPPluginJar : add gpio
2025-03-02 17:06:46,719 [INFO] IPUIPlugin:80 - create IPUIPlugin
2025-03-02 17:06:46,719 [INFO] PluginManager:220 - loadIPPluginJar : add ddr_ctrl_phy
2025-03-02 17:06:46,720 [INFO] IPUIPlugin:80 - create IPUIPlugin
2025-03-02 17:06:46,721 [INFO] PluginManager:220 - loadIPPluginJar : add comp
2025-03-02 17:06:46,722 [INFO] IPUIPlugin:80 - create IPUIPlugin
2025-03-02 17:06:46,722 [INFO] PluginManager:220 - loadIPPluginJar : add tracer_emb
2025-03-02 17:06:46,722 [INFO] IPUIPlugin:80 - create IPUIPlugin
2025-03-02 17:06:46,723 [INFO] PluginManager:220 - loadIPPluginJar : add openamp
2025-03-02 17:06:46,724 [INFO] IPUIPlugin:80 - create IPUIPlugin
2025-03-02 17:06:46,724 [INFO] PluginManager:220 - loadIPPluginJar : add stm32_wpan
2025-03-02 17:06:46,726 [INFO] IPUIPlugin:80 - create IPUIPlugin
2025-03-02 17:06:46,729 [INFO] PluginManager:220 - loadIPPluginJar : add plateformsettings
2025-03-02 17:06:46,731 [INFO] IPUIPlugin:80 - create IPUIPlugin
2025-03-02 17:06:46,731 [INFO] PluginManager:220 - loadIPPluginJar : add ipddr
2025-03-02 17:06:46,732 [INFO] IPUIPlugin:80 - create IPUIPlugin
2025-03-02 17:06:46,732 [INFO] PluginManager:220 - loadIPPluginJar : add usart
2025-03-02 17:06:46,732 [INFO] IPUIPlugin:80 - create IPUIPlugin
2025-03-02 17:06:46,732 [INFO] PluginManager:220 - loadIPPluginJar : add ltdc
2025-03-02 17:06:46,733 [INFO] IPUIPlugin:80 - create IPUIPlugin
2025-03-02 17:06:46,733 [INFO] PluginManager:220 - loadIPPluginJar : add nvic
2025-03-02 17:06:46,734 [INFO] IPUIPlugin:80 - create IPUIPlugin
2025-03-02 17:06:46,734 [INFO] PluginManager:220 - loadIPPluginJar : add fatfs
2025-03-02 17:06:46,736 [INFO] IPUIPlugin:80 - create IPUIPlugin
2025-03-02 17:06:46,736 [INFO] PluginManager:220 - loadIPPluginJar : add linkedlist
2025-03-02 17:06:46,738 [INFO] IPUIPlugin:80 - create IPUIPlugin
2025-03-02 17:06:46,738 [INFO] PluginManager:220 - loadIPPluginJar : add dma
2025-03-02 17:06:46,739 [INFO] IPUIPlugin:80 - create IPUIPlugin
2025-03-02 17:06:46,739 [INFO] PluginManager:220 - loadIPPluginJar : add fmc
2025-03-02 17:06:46,740 [INFO] IPUIPlugin:80 - create IPUIPlugin
2025-03-02 17:06:46,740 [INFO] PluginManager:220 - loadIPPluginJar : add i2s
2025-03-02 17:06:46,740 [INFO] IPUIPlugin:80 - create IPUIPlugin
2025-03-02 17:06:46,741 [INFO] PluginManager:220 - loadIPPluginJar : add ucpd
2025-03-02 17:06:46,741 [INFO] IPUIPlugin:80 - create IPUIPlugin
2025-03-02 17:06:46,742 [INFO] PluginManager:220 - loadIPPluginJar : add lorawan
2025-03-02 17:06:46,743 [INFO] IPUIPlugin:80 - create IPUIPlugin
2025-03-02 17:06:46,743 [INFO] PluginManager:220 - loadIPPluginJar : add opamp
2025-03-02 17:06:46,744 [INFO] IPUIPlugin:80 - create IPUIPlugin
2025-03-02 17:06:46,744 [INFO] PluginManager:220 - loadIPPluginJar : add i3c
2025-03-02 17:06:46,745 [INFO] IPUIPlugin:80 - create IPUIPlugin
2025-03-02 17:06:46,746 [INFO] PluginManager:220 - loadIPPluginJar : add touchsensing
2025-03-02 17:06:46,747 [INFO] IPUIPlugin:80 - create IPUIPlugin
2025-03-02 17:06:46,747 [INFO] PluginManager:220 - loadIPPluginJar : add i2c
2025-03-02 17:06:46,748 [INFO] IPUIPlugin:80 - create IPUIPlugin
2025-03-02 17:06:46,749 [INFO] PluginManager:220 - loadIPPluginJar : add resmgrutility
2025-03-02 17:06:46,750 [INFO] IPUIPlugin:80 - create IPUIPlugin
2025-03-02 17:06:46,750 [INFO] PluginManager:220 - loadIPPluginJar : add sai
2025-03-02 17:06:46,751 [INFO] IPUIPlugin:80 - create IPUIPlugin
2025-03-02 17:06:46,751 [INFO] PluginManager:220 - loadIPPluginJar : add usbx
2025-03-02 17:06:46,854 [FATAL] Updater:351 - Updater called before beeing initialized
2025-03-02 17:06:46,894 [INFO] RulesReader:64 - Compatibility file has been processed (301 Rules)
2025-03-02 17:06:46,905 [INFO] RulesReader:64 - Compatibility file has been processed (301 Rules)
2025-03-02 17:06:46,919 [INFO] CADModel:165 - CPN selected for project level
2025-03-02 17:06:46,919 [INFO] CADModel:114 - Register for checkConnection events
2025-03-02 17:06:46,919 [FATAL] Updater:351 - Updater called before beeing initialized
2025-03-02 17:06:46,919 [ERROR] CADModel:125 - Updater not yet initialized, retry later 
2025-03-02 17:06:47,116 [FATAL] Updater:351 - Updater called before beeing initialized
2025-03-02 17:06:47,117 [INFO] CADModel:165 - CPN selected for project level
2025-03-02 17:06:47,117 [INFO] CADModel:114 - Register for checkConnection events
2025-03-02 17:06:47,117 [FATAL] Updater:351 - Updater called before beeing initialized
2025-03-02 17:06:47,118 [ERROR] CADModel:125 - Updater not yet initialized, retry later 
2025-03-02 17:06:47,119 [FATAL] Updater:351 - Updater called before beeing initialized
2025-03-02 17:06:47,225 [FATAL] Updater:351 - Updater called before beeing initialized
2025-03-02 17:06:47,228 [INFO] DbMcusAds:53 - JSON generation date=Thu Sep 30 12:25:09 IST 2021 (1632984909247)
2025-03-02 17:06:47,229 [FATAL] Updater:351 - Updater called before beeing initialized
2025-03-02 17:06:47,496 [WARN] DetailPanel:346 - Failed to get advertising image, set to default
2025-03-02 17:06:47,636 [FATAL] Updater:351 - Updater called before beeing initialized
2025-03-02 17:06:47,639 [FATAL] Updater:351 - Updater called before beeing initialized
2025-03-02 17:06:47,639 [FATAL] Updater:351 - Updater called before beeing initialized
2025-03-02 17:06:47,640 [WARN] DetailPanel:346 - Failed to get advertising image, set to default
2025-03-02 17:06:47,642 [FATAL] Updater:351 - Updater called before beeing initialized
2025-03-02 17:06:47,683 [ERROR] Updater:1198 - MainUpdater not yet initialized. External WinMGr cannot be set.
2025-03-02 17:06:47,691 [INFO] Updater:1134 - Updater Version found : 6.14.0
2025-03-02 17:06:47,699 [INFO] ApplicationProperties:184 - Using Application install path: /Applications/STM32CubeIDE.app/Contents/Eclipse/plugins/com.st.stm32cube.common.mx_6.14.0.202502271554
2025-03-02 17:06:47,724 [INFO] MainUpdater:525 - Copy updater definitions from MX database
2025-03-02 17:06:47,758 [INFO] MainUpdater:558 - Copy flag file definitions from MX database
2025-03-02 17:06:47,759 [INFO] MainUpdater:574 - Copy thirdparty index definitions from MX database
2025-03-02 17:06:47,760 [INFO] MainUpdater:593 - Copy default thirdparty db definitions from MX database
2025-03-02 17:06:47,933 [INFO] MainUpdater:2872 - connection check result : 10
2025-03-02 17:06:47,933 [INFO] MainUpdater:3566 - Updater definition file requires update
2025-03-02 17:06:47,934 [INFO] MainUpdater:289 - Updater Check For Update Now.
2025-03-02 17:06:47,934 [INFO] MicroXplorer:498 - Change Database Version : DB.6.0.140
2025-03-02 17:06:47,942 [INFO] McuFinderGlobals:63 - Set McuFinder mode to 2 (CubeIDE integrated)
2025-03-02 17:06:47,943 [INFO] UserAuth:171 - activating auth plugin
2025-03-02 17:06:47,951 [INFO] UserAuth:486 - Internet connection configuration mode: 1
2025-03-02 17:06:47,956 [INFO] JxBrowserEngine:152 - Initiate JxBrowser Engine with user profile folder
2025-03-02 17:06:48,262 [INFO] ServerAccessManage:473 - Download File updaters.zip
2025-03-02 17:06:48,345 [INFO] FileExtend:242 - Unzip File : updaters.zip
2025-03-02 17:06:48,345 [INFO] FileExtend:257 - Standard Zip Deflate
2025-03-02 17:06:48,530 [INFO] ServerAccessManage:473 - Download File PacksControlFlags.xml
2025-03-02 17:06:48,700 [INFO] ServerAccessManage:473 - Download File cubemx.pidx
2025-03-02 17:06:49,316 [WARN] MainUpdater:1193 - Updater busy. Cannot search thirdparties
2025-03-02 17:06:49,317 [INFO] ThirdPartyUpdaterWithRetryManager:96 - Updater plugin is busy. [1/15]
2025-03-02 17:06:49,373 [INFO] ServerAccessManage:473 - Download File STMicroelectronics.FP-ATR-ASTRA1.pdsc
2025-03-02 17:06:50,657 [INFO] ServerAccessManage:473 - Download File STMicroelectronics.FP-ATR-SIGFOX1.pdsc
2025-03-02 17:06:50,789 [INFO] ServerAccessManage:473 - Download File STMicroelectronics.FP-SNS-STBOX1.pdsc
2025-03-02 17:06:50,918 [INFO] ServerAccessManage:473 - Download File STMicroelectronics.FP-SNS-FLIGHT1.pdsc
2025-03-02 17:06:51,203 [INFO] ServerAccessManage:473 - Download File STMicroelectronics.FP-SNS-MOTENV1.pdsc
2025-03-02 17:06:51,510 [INFO] ServerAccessManage:473 - Download File STMicroelectronics.FP-SNS-MOTENVWB1.pdsc
2025-03-02 17:06:52,028 [INFO] ServerAccessManage:473 - Download File STMicroelectronics.FP-SNS-SMARTAG2.pdsc
2025-03-02 17:06:52,090 [ERROR] ExternalUserPreferencesManager:606 - Error while get path from external application: Cannot invoke "com.st.stm32cube.common.mx.MxActivator.getBundle()" because the return value of "com.st.stm32cube.common.mx.MxActivator.getDefault()" is null
2025-03-02 17:06:52,091 [ERROR] ExternalUserPreferencesManager:336 - Error while get preference info from external application: Cannot invoke "com.st.stm32cube.common.mx.MxActivator.getBundle()" because the return value of "com.st.stm32cube.common.mx.MxActivator.getDefault()" is null
2025-03-02 17:06:52,091 [ERROR] ExternalUserPreferencesManager:560 - Error while get preference info from external application: Cannot invoke "com.st.stm32cube.common.mx.MxActivator.getBundle()" because the return value of "com.st.stm32cube.common.mx.MxActivator.getDefault()" is null
2025-03-02 17:06:52,106 [ERROR] ExternalUserPreferencesManager:560 - Error while get preference info from external application: Cannot invoke "com.st.stm32cube.common.mx.MxActivator.getBundle()" because the return value of "com.st.stm32cube.common.mx.MxActivator.getDefault()" is null
2025-03-02 17:06:52,184 [INFO] ServerAccessManage:473 - Download File STMicroelectronics.X-CUBE-AI.pdsc
2025-03-02 17:06:52,200 [ERROR] ExternalUserPreferencesManager:560 - Error while get preference info from external application: Cannot invoke "com.st.stm32cube.common.mx.MxActivator.getBundle()" because the return value of "com.st.stm32cube.common.mx.MxActivator.getDefault()" is null
2025-03-02 17:06:52,213 [ERROR] ExternalUserPreferencesManager:560 - Error while get preference info from external application: Cannot invoke "com.st.stm32cube.common.mx.MxActivator.getBundle()" because the return value of "com.st.stm32cube.common.mx.MxActivator.getDefault()" is null
2025-03-02 17:06:52,259 [ERROR] ExternalUserPreferencesManager:560 - Error while get preference info from external application: Cannot invoke "com.st.stm32cube.common.mx.MxActivator.getBundle()" because the return value of "com.st.stm32cube.common.mx.MxActivator.getDefault()" is null
2025-03-02 17:06:52,270 [ERROR] ExternalUserPreferencesManager:560 - Error while get preference info from external application: Cannot invoke "com.st.stm32cube.common.mx.MxActivator.getBundle()" because the return value of "com.st.stm32cube.common.mx.MxActivator.getDefault()" is null
2025-03-02 17:06:52,322 [WARN] MainUpdater:1193 - Updater busy. Cannot search thirdparties
2025-03-02 17:06:52,322 [INFO] ThirdPartyUpdaterWithRetryManager:96 - Updater plugin is busy. [2/15]
2025-03-02 17:06:52,575 [ERROR] LogOutputStream:75 - [STDERR_REDIRECT] 
